{"/home/ansh/Documents/GitHub/playground/tsApp/src/DbClient.ts": {"path":"/home/ansh/Documents/GitHub/playground/tsApp/src/DbClient.ts","statementMap":{"0":{"start":{"line":3,"column":0},"end":{"line":3,"column":null}},"1":{"start":{"line":10,"column":10},"end":{"line":23,"column":null}},"2":{"start":{"line":12,"column":18},"end":{"line":12,"column":63}},"3":{"start":{"line":13,"column":18},"end":{"line":13,"column":116}},"4":{"start":{"line":14,"column":12},"end":{"line":14,"column":100}},"5":{"start":{"line":15,"column":12},"end":{"line":15,"column":52}},"6":{"start":{"line":16,"column":12},"end":{"line":16,"column":40}},"7":{"start":{"line":17,"column":12},"end":{"line":17,"column":56}},"8":{"start":{"line":18,"column":12},"end":{"line":18,"column":49}},"9":{"start":{"line":19,"column":12},"end":{"line":19,"column":27}},"10":{"start":{"line":21,"column":12},"end":{"line":21,"column":64}},"11":{"start":{"line":28,"column":10},"end":{"line":30,"column":null}},"12":{"start":{"line":29,"column":8},"end":{"line":29,"column":34}},"13":{"start":{"line":31,"column":0},"end":{"line":31,"column":null}},"14":{"start":{"line":33,"column":0},"end":{"line":33,"column":24}}},"fnMap":{"0":{"name":"(anonymous_13)","decl":{"start":{"line":3,"column":0},"end":{"line":3,"column":null}},"loc":{"start":{"line":3,"column":0},"end":{"line":31,"column":null}}},"1":{"name":"(anonymous_15)","decl":{"start":{"line":10,"column":4},"end":{"line":10,"column":10}},"loc":{"start":{"line":10,"column":4},"end":{"line":23,"column":null}}},"2":{"name":"(anonymous_18)","decl":{"start":{"line":28,"column":4},"end":{"line":28,"column":10}},"loc":{"start":{"line":28,"column":4},"end":{"line":30,"column":null}}}},"branchMap":{"0":{"loc":{"start":{"line":29,"column":8},"end":{"line":29,"column":34}},"type":"switch","locations":[{"start":{"line":29,"column":8},"end":{"line":29,"column":34}}]}},"s":{"0":1,"1":1,"2":0,"3":0,"4":0,"5":0,"6":0,"7":0,"8":0,"9":0,"10":0,"11":1,"12":0,"13":1,"14":1},"f":{"0":2,"1":0,"2":0},"b":{"0":[0]}}
,"/home/ansh/Documents/GitHub/playground/tsApp/src/app.ts": {"path":"/home/ansh/Documents/GitHub/playground/tsApp/src/app.ts","statementMap":{"0":{"start":{"line":2,"column":0},"end":{"line":2,"column":37}},"1":{"start":{"line":3,"column":0},"end":{"line":3,"column":41}},"2":{"start":{"line":4,"column":0},"end":{"line":4,"column":30}},"3":{"start":{"line":5,"column":0},"end":{"line":5,"column":28}},"4":{"start":{"line":6,"column":0},"end":{"line":6,"column":24}},"5":{"start":{"line":7,"column":0},"end":{"line":7,"column":38}},"6":{"start":{"line":8,"column":0},"end":{"line":8,"column":40}},"7":{"start":{"line":9,"column":0},"end":{"line":9,"column":44}},"8":{"start":{"line":10,"column":0},"end":{"line":10,"column":50}},"9":{"start":{"line":11,"column":0},"end":{"line":11,"column":56}},"10":{"start":{"line":12,"column":0},"end":{"line":12,"column":46}},"11":{"start":{"line":19,"column":0},"end":{"line":19,"column":13}},"12":{"start":{"line":43,"column":8},"end":{"line":43,"column":29}},"13":{"start":{"line":46,"column":8},"end":{"line":46,"column":22}},"14":{"start":{"line":49,"column":8},"end":{"line":49,"column":22}},"15":{"start":{"line":31,"column":18},"end":{"line":33,"column":null}},"16":{"start":{"line":32,"column":8},"end":{"line":32,"column":28}},"17":{"start":{"line":58,"column":11},"end":{"line":94,"column":null}},"18":{"start":{"line":59,"column":8},"end":{"line":63,"column":12}},"19":{"start":{"line":65,"column":8},"end":{"line":65,"column":31}},"20":{"start":{"line":66,"column":8},"end":{"line":66,"column":72}},"21":{"start":{"line":69,"column":8},"end":{"line":69,"column":64}},"22":{"start":{"line":70,"column":8},"end":{"line":70,"column":43}},"23":{"start":{"line":73,"column":8},"end":{"line":73,"column":36}},"24":{"start":{"line":76,"column":8},"end":{"line":76,"column":40}},"25":{"start":{"line":79,"column":8},"end":{"line":81,"column":12}},"26":{"start":{"line":84,"column":8},"end":{"line":84,"column":55}},"27":{"start":{"line":87,"column":8},"end":{"line":90,"column":11}},"28":{"start":{"line":88,"column":12},"end":{"line":88,"column":29}},"29":{"start":{"line":89,"column":12},"end":{"line":89,"column":22}},"30":{"start":{"line":93,"column":8},"end":{"line":93,"column":37}},"31":{"start":{"line":103,"column":12},"end":{"line":114,"column":null}},"32":{"start":{"line":104,"column":36},"end":{"line":104,"column":52}},"33":{"start":{"line":106,"column":8},"end":{"line":106,"column":34}},"34":{"start":{"line":107,"column":8},"end":{"line":107,"column":34}},"35":{"start":{"line":108,"column":8},"end":{"line":108,"column":37}},"36":{"start":{"line":109,"column":8},"end":{"line":109,"column":32}},"37":{"start":{"line":112,"column":8},"end":{"line":112,"column":29}},"38":{"start":{"line":116,"column":0},"end":{"line":116,"column":null}},"39":{"start":{"line":19,"column":13},"end":{"line":19,"column":19}}},"fnMap":{"0":{"name":"(anonymous_1)","decl":{"start":{"line":19,"column":0},"end":{"line":19,"column":13}},"loc":{"start":{"line":19,"column":0},"end":{"line":116,"column":null}}},"1":{"name":"Server","decl":{"start":{"line":41,"column":4},"end":{"line":41,"column":null}},"loc":{"start":{"line":41,"column":4},"end":{"line":50,"column":5}}},"2":{"name":"(anonymous_3)","decl":{"start":{"line":31,"column":4},"end":{"line":31,"column":18}},"loc":{"start":{"line":31,"column":4},"end":{"line":33,"column":5}}},"3":{"name":"(anonymous_4)","decl":{"start":{"line":58,"column":4},"end":{"line":58,"column":11}},"loc":{"start":{"line":58,"column":4},"end":{"line":94,"column":5}}},"4":{"name":"(anonymous_5)","decl":{"start":{"line":87,"column":21},"end":{"line":87,"column":30}},"loc":{"start":{"line":87,"column":111},"end":{"line":90,"column":9}}},"5":{"name":"(anonymous_6)","decl":{"start":{"line":103,"column":4},"end":{"line":103,"column":12}},"loc":{"start":{"line":103,"column":4},"end":{"line":114,"column":5}}}},"branchMap":{},"s":{"0":1,"1":1,"2":1,"3":1,"4":1,"5":1,"6":1,"7":1,"8":1,"9":1,"10":1,"11":1,"12":1,"13":1,"14":1,"15":1,"16":1,"17":1,"18":1,"19":1,"20":1,"21":1,"22":1,"23":1,"24":1,"25":1,"26":1,"27":1,"28":0,"29":0,"30":1,"31":1,"32":1,"33":1,"34":1,"35":1,"36":1,"37":1,"38":1,"39":1},"f":{"0":1,"1":1,"2":1,"3":1,"4":0,"5":1},"b":{}}
,"/home/ansh/Documents/GitHub/playground/tsApp/src/models/user.model.ts": {"path":"/home/ansh/Documents/GitHub/playground/tsApp/src/models/user.model.ts","statementMap":{"0":{"start":{"line":1,"column":0},"end":{"line":1,"column":41}},"1":{"start":{"line":4,"column":0},"end":{"line":4,"column":null}},"2":{"start":{"line":5,"column":10},"end":{"line":28,"column":null}},"3":{"start":{"line":6,"column":12},"end":{"line":6,"column":47}},"4":{"start":{"line":7,"column":8},"end":{"line":26,"column":11}},"5":{"start":{"line":9,"column":12},"end":{"line":12,"column":15}},"6":{"start":{"line":15,"column":12},"end":{"line":22,"column":14}},"7":{"start":{"line":16,"column":16},"end":{"line":21,"column":18}},"8":{"start":{"line":25,"column":12},"end":{"line":25,"column":39}},"9":{"start":{"line":27,"column":8},"end":{"line":27,"column":20}},"10":{"start":{"line":30,"column":10},"end":{"line":32,"column":null}},"11":{"start":{"line":34,"column":10},"end":{"line":36,"column":null}},"12":{"start":{"line":38,"column":10},"end":{"line":40,"column":null}},"13":{"start":{"line":41,"column":0},"end":{"line":41,"column":null}},"14":{"start":{"line":43,"column":0},"end":{"line":43,"column":20}}},"fnMap":{"0":{"name":"(anonymous_13)","decl":{"start":{"line":4,"column":0},"end":{"line":4,"column":null}},"loc":{"start":{"line":4,"column":0},"end":{"line":41,"column":null}}},"1":{"name":"(anonymous_15)","decl":{"start":{"line":5,"column":4},"end":{"line":5,"column":10}},"loc":{"start":{"line":5,"column":52},"end":{"line":28,"column":null}}},"2":{"name":"(anonymous_18)","decl":{"start":{"line":8,"column":14},"end":{"line":8,"column":15}},"loc":{"start":{"line":8,"column":17},"end":{"line":13,"column":9}}},"3":{"name":"(anonymous_19)","decl":{"start":{"line":14,"column":14},"end":{"line":14,"column":15}},"loc":{"start":{"line":14,"column":27},"end":{"line":23,"column":9}}},"4":{"name":"(anonymous_20)","decl":{"start":{"line":24,"column":15},"end":{"line":24,"column":16}},"loc":{"start":{"line":24,"column":21},"end":{"line":26,"column":9}}},"5":{"name":"(anonymous_21)","decl":{"start":{"line":30,"column":4},"end":{"line":30,"column":10}},"loc":{"start":{"line":30,"column":44},"end":{"line":32,"column":null}}},"6":{"name":"(anonymous_24)","decl":{"start":{"line":34,"column":4},"end":{"line":34,"column":10}},"loc":{"start":{"line":34,"column":36},"end":{"line":36,"column":null}}},"7":{"name":"(anonymous_27)","decl":{"start":{"line":38,"column":4},"end":{"line":38,"column":10}},"loc":{"start":{"line":38,"column":39},"end":{"line":40,"column":null}}}},"branchMap":{"0":{"loc":{"start":{"line":15,"column":12},"end":{"line":22,"column":14}},"type":"if","locations":[{"start":{"line":15,"column":12},"end":{"line":22,"column":14}},{"start":{"line":15,"column":12},"end":{"line":22,"column":14}}]}},"s":{"0":1,"1":1,"2":1,"3":0,"4":0,"5":0,"6":0,"7":0,"8":0,"9":0,"10":1,"11":1,"12":1,"13":1,"14":1},"f":{"0":2,"1":0,"2":0,"3":0,"4":0,"5":0,"6":0,"7":0},"b":{"0":[0,0]}}
,"/home/ansh/Documents/GitHub/playground/tsApp/src/routes/campaignRouter.ts": {"path":"/home/ansh/Documents/GitHub/playground/tsApp/src/routes/campaignRouter.ts","statementMap":{"0":{"start":{"line":2,"column":0},"end":{"line":2,"column":36}},"1":{"start":{"line":9,"column":0},"end":{"line":9,"column":null}},"2":{"start":{"line":9,"column":35},"end":{"line":9,"column":44}},"3":{"start":{"line":35,"column":8},"end":{"line":35,"column":null}},"4":{"start":{"line":18,"column":18},"end":{"line":26,"column":null}},"5":{"start":{"line":20,"column":8},"end":{"line":20,"column":72}},"6":{"start":{"line":23,"column":8},"end":{"line":25,"column":11}},"7":{"start":{"line":24,"column":12},"end":{"line":24,"column":67}},"8":{"start":{"line":47,"column":11},"end":{"line":58,"column":null}},"9":{"start":{"line":49,"column":8},"end":{"line":49,"column":37}},"10":{"start":{"line":51,"column":30},"end":{"line":55,"column":10}},"11":{"start":{"line":57,"column":8},"end":{"line":57,"column":51}},"12":{"start":{"line":59,"column":0},"end":{"line":59,"column":null}},"13":{"start":{"line":9,"column":13},"end":{"line":9,"column":26}}},"fnMap":{"0":{"name":"(anonymous_6)","decl":{"start":{"line":9,"column":0},"end":{"line":9,"column":13}},"loc":{"start":{"line":9,"column":0},"end":{"line":59,"column":null}}},"1":{"name":"CampaignRoute","decl":{"start":{"line":34,"column":4},"end":{"line":34,"column":null}},"loc":{"start":{"line":34,"column":4},"end":{"line":36,"column":5}}},"2":{"name":"(anonymous_8)","decl":{"start":{"line":18,"column":4},"end":{"line":18,"column":18}},"loc":{"start":{"line":18,"column":39},"end":{"line":26,"column":5}}},"3":{"name":"(anonymous_9)","decl":{"start":{"line":23,"column":32},"end":{"line":23,"column":33}},"loc":{"start":{"line":23,"column":80},"end":{"line":25,"column":9}}},"4":{"name":"(anonymous_10)","decl":{"start":{"line":47,"column":4},"end":{"line":47,"column":11}},"loc":{"start":{"line":47,"column":77},"end":{"line":58,"column":5}}}},"branchMap":{"0":{"loc":{"start":{"line":35,"column":8},"end":{"line":35,"column":15}},"type":"binary-expr","locations":[{"start":{"line":35,"column":8},"end":{"line":35,"column":15}},{"start":{"line":35,"column":15},"end":{"line":35,"column":null}}]}},"s":{"0":1,"1":1,"2":1,"3":0,"4":1,"5":1,"6":1,"7":0,"8":1,"9":0,"10":0,"11":0,"12":1,"13":1},"f":{"0":1,"1":0,"2":1,"3":0,"4":0},"b":{"0":[0,0]}}
,"/home/ansh/Documents/GitHub/playground/tsApp/src/routes/index.ts": {"path":"/home/ansh/Documents/GitHub/playground/tsApp/src/routes/index.ts","statementMap":{"0":{"start":{"line":2,"column":0},"end":{"line":2,"column":36}},"1":{"start":{"line":9,"column":0},"end":{"line":9,"column":null}},"2":{"start":{"line":9,"column":32},"end":{"line":9,"column":41}},"3":{"start":{"line":35,"column":8},"end":{"line":35,"column":null}},"4":{"start":{"line":18,"column":18},"end":{"line":26,"column":null}},"5":{"start":{"line":20,"column":8},"end":{"line":20,"column":66}},"6":{"start":{"line":23,"column":8},"end":{"line":25,"column":11}},"7":{"start":{"line":24,"column":12},"end":{"line":24,"column":51}},"8":{"start":{"line":47,"column":11},"end":{"line":58,"column":null}},"9":{"start":{"line":49,"column":8},"end":{"line":49,"column":39}},"10":{"start":{"line":51,"column":30},"end":{"line":54,"column":10}},"11":{"start":{"line":57,"column":8},"end":{"line":57,"column":48}},"12":{"start":{"line":59,"column":0},"end":{"line":59,"column":null}},"13":{"start":{"line":9,"column":13},"end":{"line":9,"column":23}}},"fnMap":{"0":{"name":"(anonymous_6)","decl":{"start":{"line":9,"column":0},"end":{"line":9,"column":13}},"loc":{"start":{"line":9,"column":0},"end":{"line":59,"column":null}}},"1":{"name":"IndexRoute","decl":{"start":{"line":34,"column":4},"end":{"line":34,"column":null}},"loc":{"start":{"line":34,"column":4},"end":{"line":36,"column":5}}},"2":{"name":"(anonymous_8)","decl":{"start":{"line":18,"column":4},"end":{"line":18,"column":18}},"loc":{"start":{"line":18,"column":39},"end":{"line":26,"column":5}}},"3":{"name":"(anonymous_9)","decl":{"start":{"line":23,"column":24},"end":{"line":23,"column":25}},"loc":{"start":{"line":23,"column":72},"end":{"line":25,"column":9}}},"4":{"name":"(anonymous_10)","decl":{"start":{"line":47,"column":4},"end":{"line":47,"column":11}},"loc":{"start":{"line":47,"column":64},"end":{"line":58,"column":5}}}},"branchMap":{"0":{"loc":{"start":{"line":35,"column":8},"end":{"line":35,"column":15}},"type":"binary-expr","locations":[{"start":{"line":35,"column":8},"end":{"line":35,"column":15}},{"start":{"line":35,"column":15},"end":{"line":35,"column":null}}]}},"s":{"0":1,"1":1,"2":1,"3":0,"4":1,"5":1,"6":1,"7":0,"8":1,"9":0,"10":0,"11":0,"12":1,"13":1},"f":{"0":1,"1":0,"2":1,"3":0,"4":0},"b":{"0":[0,0]}}
,"/home/ansh/Documents/GitHub/playground/tsApp/src/routes/loginRouter.ts": {"path":"/home/ansh/Documents/GitHub/playground/tsApp/src/routes/loginRouter.ts","statementMap":{"0":{"start":{"line":2,"column":0},"end":{"line":2,"column":36}},"1":{"start":{"line":3,"column":0},"end":{"line":3,"column":46}},"2":{"start":{"line":10,"column":0},"end":{"line":10,"column":null}},"3":{"start":{"line":10,"column":32},"end":{"line":10,"column":41}},"4":{"start":{"line":50,"column":8},"end":{"line":50,"column":null}},"5":{"start":{"line":19,"column":18},"end":{"line":41,"column":null}},"6":{"start":{"line":21,"column":8},"end":{"line":21,"column":66}},"7":{"start":{"line":24,"column":8},"end":{"line":26,"column":11}},"8":{"start":{"line":25,"column":12},"end":{"line":25,"column":61}},"9":{"start":{"line":28,"column":8},"end":{"line":30,"column":11}},"10":{"start":{"line":29,"column":12},"end":{"line":29,"column":58}},"11":{"start":{"line":32,"column":8},"end":{"line":34,"column":11}},"12":{"start":{"line":33,"column":12},"end":{"line":33,"column":52}},"13":{"start":{"line":35,"column":8},"end":{"line":37,"column":11}},"14":{"start":{"line":36,"column":12},"end":{"line":36,"column":67}},"15":{"start":{"line":38,"column":8},"end":{"line":40,"column":11}},"16":{"start":{"line":39,"column":12},"end":{"line":39,"column":56}},"17":{"start":{"line":62,"column":11},"end":{"line":72,"column":null}},"18":{"start":{"line":64,"column":8},"end":{"line":64,"column":34}},"19":{"start":{"line":66,"column":30},"end":{"line":69,"column":10}},"20":{"start":{"line":71,"column":8},"end":{"line":71,"column":48}},"21":{"start":{"line":82,"column":11},"end":{"line":106,"column":null}},"22":{"start":{"line":82,"column":4},"end":{"line":82,"column":11}},"23":{"start":{"line":83,"column":8},"end":{"line":83,"column":30}},"24":{"start":{"line":84,"column":8},"end":{"line":105,"column":11}},"25":{"start":{"line":85,"column":12},"end":{"line":104,"column":null}},"26":{"start":{"line":86,"column":16},"end":{"line":86,"column":40}},"27":{"start":{"line":87,"column":16},"end":{"line":90,"column":null}},"28":{"start":{"line":88,"column":20},"end":{"line":88,"column":44}},"29":{"start":{"line":89,"column":20},"end":{"line":89,"column":52}},"30":{"start":{"line":93,"column":16},"end":{"line":93,"column":46}},"31":{"start":{"line":95,"column":16},"end":{"line":95,"column":42}},"32":{"start":{"line":97,"column":38},"end":{"line":101,"column":18}},"33":{"start":{"line":103,"column":16},"end":{"line":103,"column":56}},"34":{"start":{"line":116,"column":11},"end":{"line":126,"column":null}},"35":{"start":{"line":117,"column":8},"end":{"line":117,"column":40}},"36":{"start":{"line":119,"column":30},"end":{"line":123,"column":10}},"37":{"start":{"line":125,"column":8},"end":{"line":125,"column":48}},"38":{"start":{"line":135,"column":11},"end":{"line":144,"column":null}},"39":{"start":{"line":143,"column":8},"end":{"line":143,"column":null}},"40":{"start":{"line":154,"column":11},"end":{"line":159,"column":null}},"41":{"start":{"line":154,"column":4},"end":{"line":154,"column":11}},"42":{"start":{"line":155,"column":8},"end":{"line":155,"column":33}},"43":{"start":{"line":156,"column":8},"end":{"line":158,"column":11}},"44":{"start":{"line":157,"column":12},"end":{"line":157,"column":36}},"45":{"start":{"line":160,"column":0},"end":{"line":160,"column":null}},"46":{"start":{"line":10,"column":13},"end":{"line":10,"column":23}}},"fnMap":{"0":{"name":"(anonymous_6)","decl":{"start":{"line":10,"column":0},"end":{"line":10,"column":13}},"loc":{"start":{"line":10,"column":0},"end":{"line":160,"column":null}}},"1":{"name":"LoginRoute","decl":{"start":{"line":49,"column":4},"end":{"line":49,"column":null}},"loc":{"start":{"line":49,"column":4},"end":{"line":51,"column":5}}},"2":{"name":"(anonymous_8)","decl":{"start":{"line":19,"column":4},"end":{"line":19,"column":18}},"loc":{"start":{"line":19,"column":39},"end":{"line":41,"column":5}}},"3":{"name":"(anonymous_9)","decl":{"start":{"line":24,"column":29},"end":{"line":24,"column":30}},"loc":{"start":{"line":24,"column":77},"end":{"line":26,"column":9}}},"4":{"name":"(anonymous_10)","decl":{"start":{"line":28,"column":30},"end":{"line":28,"column":31}},"loc":{"start":{"line":28,"column":78},"end":{"line":30,"column":9}}},"5":{"name":"(anonymous_11)","decl":{"start":{"line":32,"column":30},"end":{"line":32,"column":31}},"loc":{"start":{"line":32,"column":78},"end":{"line":34,"column":9}}},"6":{"name":"(anonymous_12)","decl":{"start":{"line":35,"column":30},"end":{"line":35,"column":31}},"loc":{"start":{"line":35,"column":78},"end":{"line":37,"column":9}}},"7":{"name":"(anonymous_13)","decl":{"start":{"line":38,"column":31},"end":{"line":38,"column":32}},"loc":{"start":{"line":38,"column":79},"end":{"line":40,"column":9}}},"8":{"name":"(anonymous_14)","decl":{"start":{"line":62,"column":4},"end":{"line":62,"column":11}},"loc":{"start":{"line":62,"column":74},"end":{"line":72,"column":5}}},"9":{"name":"(anonymous_15)","decl":{"start":{"line":82,"column":4},"end":{"line":82,"column":11}},"loc":{"start":{"line":82,"column":71},"end":{"line":106,"column":5}}},"10":{"name":"(anonymous_16)","decl":{"start":{"line":84,"column":64},"end":{"line":84,"column":68}},"loc":{"start":{"line":84,"column":68},"end":{"line":105,"column":9}}},"11":{"name":"(anonymous_17)","decl":{"start":{"line":116,"column":4},"end":{"line":116,"column":11}},"loc":{"start":{"line":116,"column":80},"end":{"line":126,"column":5}}},"12":{"name":"(anonymous_18)","decl":{"start":{"line":135,"column":4},"end":{"line":135,"column":11}},"loc":{"start":{"line":135,"column":69},"end":{"line":144,"column":5}}},"13":{"name":"(anonymous_19)","decl":{"start":{"line":154,"column":4},"end":{"line":154,"column":11}},"loc":{"start":{"line":154,"column":65},"end":{"line":159,"column":5}}},"14":{"name":"(anonymous_20)","decl":{"start":{"line":156,"column":30},"end":{"line":156,"column":null}},"loc":{"start":{"line":156,"column":30},"end":{"line":158,"column":9}}}},"branchMap":{"0":{"loc":{"start":{"line":50,"column":8},"end":{"line":50,"column":15}},"type":"binary-expr","locations":[{"start":{"line":50,"column":8},"end":{"line":50,"column":15}},{"start":{"line":50,"column":15},"end":{"line":50,"column":null}}]},"1":{"loc":{"start":{"line":85,"column":12},"end":{"line":104,"column":null}},"type":"if","locations":[{"start":{"line":85,"column":12},"end":{"line":104,"column":null}},{"start":{"line":85,"column":12},"end":{"line":104,"column":null}}]},"2":{"loc":{"start":{"line":87,"column":16},"end":{"line":90,"column":null}},"type":"if","locations":[{"start":{"line":87,"column":16},"end":{"line":90,"column":null}},{"start":{"line":87,"column":16},"end":{"line":90,"column":null}}]}},"s":{"0":1,"1":1,"2":1,"3":1,"4":0,"5":1,"6":1,"7":1,"8":0,"9":1,"10":0,"11":1,"12":0,"13":1,"14":0,"15":1,"16":0,"17":1,"18":0,"19":0,"20":0,"21":1,"22":0,"23":0,"24":0,"25":0,"26":0,"27":0,"28":0,"29":0,"30":0,"31":0,"32":0,"33":0,"34":1,"35":0,"36":0,"37":0,"38":1,"39":0,"40":1,"41":0,"42":0,"43":0,"44":0,"45":1,"46":1},"f":{"0":1,"1":0,"2":1,"3":0,"4":0,"5":0,"6":0,"7":0,"8":0,"9":0,"10":0,"11":0,"12":0,"13":0,"14":0},"b":{"0":[0,0],"1":[0,0],"2":[0,0]}}
,"/home/ansh/Documents/GitHub/playground/tsApp/src/routes/mapRouter.ts": {"path":"/home/ansh/Documents/GitHub/playground/tsApp/src/routes/mapRouter.ts","statementMap":{"0":{"start":{"line":2,"column":0},"end":{"line":2,"column":36}},"1":{"start":{"line":9,"column":0},"end":{"line":9,"column":null}},"2":{"start":{"line":9,"column":30},"end":{"line":9,"column":39}},"3":{"start":{"line":36,"column":8},"end":{"line":36,"column":null}},"4":{"start":{"line":18,"column":18},"end":{"line":27,"column":null}},"5":{"start":{"line":20,"column":8},"end":{"line":20,"column":62}},"6":{"start":{"line":23,"column":8},"end":{"line":25,"column":11}},"7":{"start":{"line":24,"column":12},"end":{"line":24,"column":50}},"8":{"start":{"line":48,"column":11},"end":{"line":58,"column":null}},"9":{"start":{"line":50,"column":8},"end":{"line":50,"column":32}},"10":{"start":{"line":52,"column":30},"end":{"line":55,"column":10}},"11":{"start":{"line":57,"column":8},"end":{"line":57,"column":46}},"12":{"start":{"line":59,"column":0},"end":{"line":59,"column":null}},"13":{"start":{"line":9,"column":13},"end":{"line":9,"column":21}}},"fnMap":{"0":{"name":"(anonymous_6)","decl":{"start":{"line":9,"column":0},"end":{"line":9,"column":13}},"loc":{"start":{"line":9,"column":0},"end":{"line":59,"column":null}}},"1":{"name":"MapRoute","decl":{"start":{"line":35,"column":4},"end":{"line":35,"column":null}},"loc":{"start":{"line":35,"column":4},"end":{"line":37,"column":5}}},"2":{"name":"(anonymous_8)","decl":{"start":{"line":18,"column":4},"end":{"line":18,"column":18}},"loc":{"start":{"line":18,"column":39},"end":{"line":27,"column":5}}},"3":{"name":"(anonymous_9)","decl":{"start":{"line":23,"column":27},"end":{"line":23,"column":28}},"loc":{"start":{"line":23,"column":75},"end":{"line":25,"column":9}}},"4":{"name":"(anonymous_10)","decl":{"start":{"line":48,"column":4},"end":{"line":48,"column":11}},"loc":{"start":{"line":48,"column":65},"end":{"line":58,"column":5}}}},"branchMap":{"0":{"loc":{"start":{"line":36,"column":8},"end":{"line":36,"column":15}},"type":"binary-expr","locations":[{"start":{"line":36,"column":8},"end":{"line":36,"column":15}},{"start":{"line":36,"column":15},"end":{"line":36,"column":null}}]}},"s":{"0":1,"1":1,"2":1,"3":0,"4":1,"5":1,"6":1,"7":0,"8":1,"9":0,"10":0,"11":0,"12":1,"13":1},"f":{"0":1,"1":0,"2":1,"3":0,"4":0},"b":{"0":[0,0]}}
,"/home/ansh/Documents/GitHub/playground/tsApp/src/routes/route.ts": {"path":"/home/ansh/Documents/GitHub/playground/tsApp/src/routes/route.ts","statementMap":{"0":{"start":{"line":8,"column":0},"end":{"line":8,"column":13}},"1":{"start":{"line":23,"column":8},"end":{"line":23,"column":41}},"2":{"start":{"line":24,"column":8},"end":{"line":24,"column":26}},"3":{"start":{"line":35,"column":11},"end":{"line":38,"column":null}},"4":{"start":{"line":36,"column":8},"end":{"line":36,"column":31}},"5":{"start":{"line":37,"column":8},"end":{"line":37,"column":20}},"6":{"start":{"line":51,"column":11},"end":{"line":65,"column":null}},"7":{"start":{"line":53,"column":8},"end":{"line":53,"column":34}},"8":{"start":{"line":56,"column":8},"end":{"line":56,"column":42}},"9":{"start":{"line":59,"column":8},"end":{"line":59,"column":38}},"10":{"start":{"line":61,"column":8},"end":{"line":61,"column":44}},"11":{"start":{"line":64,"column":8},"end":{"line":64,"column":34}},"12":{"start":{"line":76,"column":11},"end":{"line":78,"column":null}},"13":{"start":{"line":77,"column":8},"end":{"line":77,"column":null}},"14":{"start":{"line":79,"column":0},"end":{"line":79,"column":null}},"15":{"start":{"line":8,"column":13},"end":{"line":8,"column":22}}},"fnMap":{"0":{"name":"(anonymous_0)","decl":{"start":{"line":8,"column":0},"end":{"line":8,"column":13}},"loc":{"start":{"line":8,"column":0},"end":{"line":79,"column":null}}},"1":{"name":"BaseRoute","decl":{"start":{"line":21,"column":4},"end":{"line":21,"column":null}},"loc":{"start":{"line":21,"column":4},"end":{"line":25,"column":5}}},"2":{"name":"(anonymous_2)","decl":{"start":{"line":35,"column":4},"end":{"line":35,"column":11}},"loc":{"start":{"line":35,"column":32},"end":{"line":38,"column":5}}},"3":{"name":"(anonymous_3)","decl":{"start":{"line":51,"column":4},"end":{"line":51,"column":11}},"loc":{"start":{"line":51,"column":77},"end":{"line":65,"column":5}}},"4":{"name":"(anonymous_4)","decl":{"start":{"line":76,"column":4},"end":{"line":76,"column":11}},"loc":{"start":{"line":76,"column":46},"end":{"line":78,"column":5}}}},"branchMap":{},"s":{"0":2,"1":0,"2":0,"3":2,"4":0,"5":0,"6":2,"7":0,"8":0,"9":0,"10":0,"11":0,"12":2,"13":0,"14":2,"15":2},"f":{"0":2,"1":0,"2":0,"3":0,"4":0},"b":{}}
}
