{"/home/ansh/Documents/GitHub/playground/tsApp/src/DbClient.ts": {"path":"/home/ansh/Documents/GitHub/playground/tsApp/src/DbClient.ts","statementMap":{"0":{"start":{"line":3,"column":0},"end":{"line":3,"column":null}},"1":{"start":{"line":10,"column":10},"end":{"line":23,"column":null}},"2":{"start":{"line":12,"column":18},"end":{"line":12,"column":63}},"3":{"start":{"line":13,"column":18},"end":{"line":13,"column":116}},"4":{"start":{"line":14,"column":12},"end":{"line":14,"column":100}},"5":{"start":{"line":15,"column":12},"end":{"line":15,"column":52}},"6":{"start":{"line":16,"column":12},"end":{"line":16,"column":40}},"7":{"start":{"line":17,"column":12},"end":{"line":17,"column":56}},"8":{"start":{"line":18,"column":12},"end":{"line":18,"column":49}},"9":{"start":{"line":19,"column":12},"end":{"line":19,"column":27}},"10":{"start":{"line":21,"column":12},"end":{"line":21,"column":64}},"11":{"start":{"line":28,"column":10},"end":{"line":30,"column":null}},"12":{"start":{"line":29,"column":8},"end":{"line":29,"column":34}},"13":{"start":{"line":31,"column":0},"end":{"line":31,"column":null}},"14":{"start":{"line":33,"column":0},"end":{"line":33,"column":24}}},"fnMap":{"0":{"name":"(anonymous_13)","decl":{"start":{"line":3,"column":0},"end":{"line":3,"column":null}},"loc":{"start":{"line":3,"column":0},"end":{"line":31,"column":null}}},"1":{"name":"(anonymous_15)","decl":{"start":{"line":10,"column":4},"end":{"line":10,"column":10}},"loc":{"start":{"line":10,"column":4},"end":{"line":23,"column":null}}},"2":{"name":"(anonymous_18)","decl":{"start":{"line":28,"column":4},"end":{"line":28,"column":10}},"loc":{"start":{"line":28,"column":4},"end":{"line":30,"column":null}}}},"branchMap":{"0":{"loc":{"start":{"line":29,"column":8},"end":{"line":29,"column":34}},"type":"switch","locations":[{"start":{"line":29,"column":8},"end":{"line":29,"column":34}}]}},"s":{"0":1,"1":1,"2":0,"3":0,"4":0,"5":0,"6":0,"7":0,"8":0,"9":0,"10":0,"11":1,"12":0,"13":1,"14":1},"f":{"0":2,"1":0,"2":0},"b":{"0":[0]}}
,"/home/ansh/Documents/GitHub/playground/tsApp/src/app.ts": {"path":"/home/ansh/Documents/GitHub/playground/tsApp/src/app.ts","statementMap":{"0":{"start":{"line":2,"column":0},"end":{"line":2,"column":37}},"1":{"start":{"line":3,"column":0},"end":{"line":3,"column":41}},"2":{"start":{"line":4,"column":0},"end":{"line":4,"column":30}},"3":{"start":{"line":5,"column":0},"end":{"line":5,"column":28}},"4":{"start":{"line":6,"column":0},"end":{"line":6,"column":24}},"5":{"start":{"line":7,"column":0},"end":{"line":7,"column":40}},"6":{"start":{"line":8,"column":0},"end":{"line":8,"column":44}},"7":{"start":{"line":9,"column":0},"end":{"line":9,"column":50}},"8":{"start":{"line":10,"column":0},"end":{"line":10,"column":46}},"9":{"start":{"line":17,"column":0},"end":{"line":17,"column":13}},"10":{"start":{"line":41,"column":8},"end":{"line":41,"column":29}},"11":{"start":{"line":44,"column":8},"end":{"line":44,"column":22}},"12":{"start":{"line":47,"column":8},"end":{"line":47,"column":22}},"13":{"start":{"line":29,"column":18},"end":{"line":31,"column":null}},"14":{"start":{"line":30,"column":8},"end":{"line":30,"column":28}},"15":{"start":{"line":56,"column":11},"end":{"line":87,"column":null}},"16":{"start":{"line":58,"column":8},"end":{"line":58,"column":31}},"17":{"start":{"line":59,"column":8},"end":{"line":59,"column":72}},"18":{"start":{"line":62,"column":8},"end":{"line":62,"column":64}},"19":{"start":{"line":63,"column":8},"end":{"line":63,"column":43}},"20":{"start":{"line":66,"column":8},"end":{"line":66,"column":36}},"21":{"start":{"line":69,"column":8},"end":{"line":69,"column":40}},"22":{"start":{"line":72,"column":8},"end":{"line":74,"column":12}},"23":{"start":{"line":77,"column":8},"end":{"line":77,"column":55}},"24":{"start":{"line":80,"column":8},"end":{"line":83,"column":11}},"25":{"start":{"line":81,"column":12},"end":{"line":81,"column":29}},"26":{"start":{"line":82,"column":12},"end":{"line":82,"column":22}},"27":{"start":{"line":86,"column":8},"end":{"line":86,"column":37}},"28":{"start":{"line":96,"column":12},"end":{"line":106,"column":null}},"29":{"start":{"line":97,"column":36},"end":{"line":97,"column":52}},"30":{"start":{"line":99,"column":8},"end":{"line":99,"column":34}},"31":{"start":{"line":100,"column":8},"end":{"line":100,"column":34}},"32":{"start":{"line":101,"column":8},"end":{"line":101,"column":32}},"33":{"start":{"line":104,"column":8},"end":{"line":104,"column":29}},"34":{"start":{"line":108,"column":0},"end":{"line":108,"column":null}},"35":{"start":{"line":17,"column":13},"end":{"line":17,"column":19}}},"fnMap":{"0":{"name":"(anonymous_1)","decl":{"start":{"line":17,"column":0},"end":{"line":17,"column":13}},"loc":{"start":{"line":17,"column":0},"end":{"line":108,"column":null}}},"1":{"name":"Server","decl":{"start":{"line":39,"column":4},"end":{"line":39,"column":null}},"loc":{"start":{"line":39,"column":4},"end":{"line":48,"column":5}}},"2":{"name":"(anonymous_3)","decl":{"start":{"line":29,"column":4},"end":{"line":29,"column":18}},"loc":{"start":{"line":29,"column":4},"end":{"line":31,"column":5}}},"3":{"name":"(anonymous_4)","decl":{"start":{"line":56,"column":4},"end":{"line":56,"column":11}},"loc":{"start":{"line":56,"column":4},"end":{"line":87,"column":5}}},"4":{"name":"(anonymous_5)","decl":{"start":{"line":80,"column":21},"end":{"line":80,"column":30}},"loc":{"start":{"line":80,"column":111},"end":{"line":83,"column":9}}},"5":{"name":"(anonymous_6)","decl":{"start":{"line":96,"column":4},"end":{"line":96,"column":12}},"loc":{"start":{"line":96,"column":4},"end":{"line":106,"column":5}}}},"branchMap":{},"s":{"0":1,"1":1,"2":1,"3":1,"4":1,"5":1,"6":1,"7":1,"8":1,"9":1,"10":1,"11":1,"12":1,"13":1,"14":1,"15":1,"16":1,"17":1,"18":1,"19":1,"20":1,"21":1,"22":1,"23":1,"24":1,"25":0,"26":0,"27":1,"28":1,"29":1,"30":1,"31":1,"32":1,"33":1,"34":1,"35":1},"f":{"0":1,"1":1,"2":1,"3":1,"4":0,"5":1},"b":{}}
,"/home/ansh/Documents/GitHub/playground/tsApp/src/routes/index.ts": {"path":"/home/ansh/Documents/GitHub/playground/tsApp/src/routes/index.ts","statementMap":{"0":{"start":{"line":2,"column":0},"end":{"line":2,"column":36}},"1":{"start":{"line":9,"column":0},"end":{"line":9,"column":null}},"2":{"start":{"line":9,"column":32},"end":{"line":9,"column":41}},"3":{"start":{"line":35,"column":8},"end":{"line":35,"column":null}},"4":{"start":{"line":18,"column":18},"end":{"line":26,"column":null}},"5":{"start":{"line":20,"column":8},"end":{"line":20,"column":66}},"6":{"start":{"line":23,"column":8},"end":{"line":25,"column":11}},"7":{"start":{"line":24,"column":12},"end":{"line":24,"column":51}},"8":{"start":{"line":47,"column":11},"end":{"line":58,"column":null}},"9":{"start":{"line":49,"column":8},"end":{"line":49,"column":39}},"10":{"start":{"line":51,"column":30},"end":{"line":54,"column":10}},"11":{"start":{"line":57,"column":8},"end":{"line":57,"column":48}},"12":{"start":{"line":59,"column":0},"end":{"line":59,"column":null}},"13":{"start":{"line":9,"column":13},"end":{"line":9,"column":23}}},"fnMap":{"0":{"name":"(anonymous_6)","decl":{"start":{"line":9,"column":0},"end":{"line":9,"column":13}},"loc":{"start":{"line":9,"column":0},"end":{"line":59,"column":null}}},"1":{"name":"IndexRoute","decl":{"start":{"line":34,"column":4},"end":{"line":34,"column":null}},"loc":{"start":{"line":34,"column":4},"end":{"line":36,"column":5}}},"2":{"name":"(anonymous_8)","decl":{"start":{"line":18,"column":4},"end":{"line":18,"column":18}},"loc":{"start":{"line":18,"column":39},"end":{"line":26,"column":5}}},"3":{"name":"(anonymous_9)","decl":{"start":{"line":23,"column":24},"end":{"line":23,"column":25}},"loc":{"start":{"line":23,"column":72},"end":{"line":25,"column":9}}},"4":{"name":"(anonymous_10)","decl":{"start":{"line":47,"column":4},"end":{"line":47,"column":11}},"loc":{"start":{"line":47,"column":64},"end":{"line":58,"column":5}}}},"branchMap":{"0":{"loc":{"start":{"line":35,"column":8},"end":{"line":35,"column":15}},"type":"binary-expr","locations":[{"start":{"line":35,"column":8},"end":{"line":35,"column":15}},{"start":{"line":35,"column":15},"end":{"line":35,"column":null}}]}},"s":{"0":1,"1":1,"2":1,"3":0,"4":1,"5":1,"6":1,"7":0,"8":1,"9":0,"10":0,"11":0,"12":1,"13":1},"f":{"0":1,"1":0,"2":1,"3":0,"4":0},"b":{"0":[0,0]}}
,"/home/ansh/Documents/GitHub/playground/tsApp/src/routes/loginRouter.ts": {"path":"/home/ansh/Documents/GitHub/playground/tsApp/src/routes/loginRouter.ts","statementMap":{"0":{"start":{"line":2,"column":0},"end":{"line":2,"column":36}},"1":{"start":{"line":3,"column":0},"end":{"line":3,"column":41}},"2":{"start":{"line":9,"column":0},"end":{"line":9,"column":null}},"3":{"start":{"line":9,"column":32},"end":{"line":9,"column":41}},"4":{"start":{"line":39,"column":8},"end":{"line":39,"column":null}},"5":{"start":{"line":18,"column":18},"end":{"line":30,"column":null}},"6":{"start":{"line":20,"column":8},"end":{"line":20,"column":66}},"7":{"start":{"line":23,"column":8},"end":{"line":25,"column":11}},"8":{"start":{"line":24,"column":12},"end":{"line":24,"column":61}},"9":{"start":{"line":27,"column":8},"end":{"line":29,"column":11}},"10":{"start":{"line":28,"column":12},"end":{"line":28,"column":58}},"11":{"start":{"line":51,"column":11},"end":{"line":61,"column":null}},"12":{"start":{"line":53,"column":8},"end":{"line":53,"column":34}},"13":{"start":{"line":55,"column":30},"end":{"line":58,"column":10}},"14":{"start":{"line":60,"column":8},"end":{"line":60,"column":48}},"15":{"start":{"line":72,"column":11},"end":{"line":95,"column":null}},"16":{"start":{"line":73,"column":8},"end":{"line":73,"column":30}},"17":{"start":{"line":74,"column":8},"end":{"line":84,"column":15}},"18":{"start":{"line":76,"column":16},"end":{"line":76,"column":64}},"19":{"start":{"line":79,"column":16},"end":{"line":79,"column":35}},"20":{"start":{"line":80,"column":16},"end":{"line":80,"column":32}},"21":{"start":{"line":83,"column":16},"end":{"line":83,"column":43}},"22":{"start":{"line":86,"column":8},"end":{"line":86,"column":34}},"23":{"start":{"line":88,"column":30},"end":{"line":91,"column":10}},"24":{"start":{"line":94,"column":8},"end":{"line":94,"column":48}},"25":{"start":{"line":96,"column":0},"end":{"line":96,"column":null}},"26":{"start":{"line":9,"column":13},"end":{"line":9,"column":23}}},"fnMap":{"0":{"name":"(anonymous_6)","decl":{"start":{"line":9,"column":0},"end":{"line":9,"column":13}},"loc":{"start":{"line":9,"column":0},"end":{"line":96,"column":null}}},"1":{"name":"LoginRoute","decl":{"start":{"line":38,"column":4},"end":{"line":38,"column":null}},"loc":{"start":{"line":38,"column":4},"end":{"line":40,"column":5}}},"2":{"name":"(anonymous_8)","decl":{"start":{"line":18,"column":4},"end":{"line":18,"column":18}},"loc":{"start":{"line":18,"column":39},"end":{"line":30,"column":5}}},"3":{"name":"(anonymous_9)","decl":{"start":{"line":23,"column":29},"end":{"line":23,"column":30}},"loc":{"start":{"line":23,"column":77},"end":{"line":25,"column":9}}},"4":{"name":"(anonymous_10)","decl":{"start":{"line":27,"column":38},"end":{"line":27,"column":39}},"loc":{"start":{"line":27,"column":86},"end":{"line":29,"column":9}}},"5":{"name":"(anonymous_11)","decl":{"start":{"line":51,"column":4},"end":{"line":51,"column":11}},"loc":{"start":{"line":51,"column":74},"end":{"line":61,"column":5}}},"6":{"name":"(anonymous_12)","decl":{"start":{"line":72,"column":4},"end":{"line":72,"column":11}},"loc":{"start":{"line":72,"column":71},"end":{"line":95,"column":5}}},"7":{"name":"(anonymous_13)","decl":{"start":{"line":75,"column":18},"end":{"line":75,"column":19}},"loc":{"start":{"line":75,"column":21},"end":{"line":77,"column":13}}},"8":{"name":"(anonymous_14)","decl":{"start":{"line":78,"column":18},"end":{"line":78,"column":19}},"loc":{"start":{"line":78,"column":30},"end":{"line":81,"column":13}}},"9":{"name":"(anonymous_15)","decl":{"start":{"line":82,"column":19},"end":{"line":82,"column":20}},"loc":{"start":{"line":82,"column":25},"end":{"line":84,"column":13}}}},"branchMap":{"0":{"loc":{"start":{"line":39,"column":8},"end":{"line":39,"column":15}},"type":"binary-expr","locations":[{"start":{"line":39,"column":8},"end":{"line":39,"column":15}},{"start":{"line":39,"column":15},"end":{"line":39,"column":null}}]}},"s":{"0":1,"1":1,"2":1,"3":1,"4":0,"5":1,"6":1,"7":1,"8":0,"9":1,"10":0,"11":1,"12":0,"13":0,"14":0,"15":1,"16":0,"17":0,"18":0,"19":0,"20":0,"21":0,"22":0,"23":0,"24":0,"25":1,"26":1},"f":{"0":1,"1":0,"2":1,"3":0,"4":0,"5":0,"6":0,"7":0,"8":0,"9":0},"b":{"0":[0,0]}}
,"/home/ansh/Documents/GitHub/playground/tsApp/src/routes/mapRouter.ts": {"path":"/home/ansh/Documents/GitHub/playground/tsApp/src/routes/mapRouter.ts","statementMap":{"0":{"start":{"line":2,"column":0},"end":{"line":2,"column":36}},"1":{"start":{"line":9,"column":0},"end":{"line":9,"column":null}},"2":{"start":{"line":9,"column":30},"end":{"line":9,"column":39}},"3":{"start":{"line":36,"column":8},"end":{"line":36,"column":null}},"4":{"start":{"line":18,"column":18},"end":{"line":27,"column":null}},"5":{"start":{"line":20,"column":8},"end":{"line":20,"column":62}},"6":{"start":{"line":23,"column":8},"end":{"line":25,"column":11}},"7":{"start":{"line":24,"column":12},"end":{"line":24,"column":50}},"8":{"start":{"line":48,"column":11},"end":{"line":58,"column":null}},"9":{"start":{"line":50,"column":8},"end":{"line":50,"column":32}},"10":{"start":{"line":52,"column":30},"end":{"line":55,"column":10}},"11":{"start":{"line":57,"column":8},"end":{"line":57,"column":46}},"12":{"start":{"line":59,"column":0},"end":{"line":59,"column":null}},"13":{"start":{"line":9,"column":13},"end":{"line":9,"column":21}}},"fnMap":{"0":{"name":"(anonymous_6)","decl":{"start":{"line":9,"column":0},"end":{"line":9,"column":13}},"loc":{"start":{"line":9,"column":0},"end":{"line":59,"column":null}}},"1":{"name":"MapRoute","decl":{"start":{"line":35,"column":4},"end":{"line":35,"column":null}},"loc":{"start":{"line":35,"column":4},"end":{"line":37,"column":5}}},"2":{"name":"(anonymous_8)","decl":{"start":{"line":18,"column":4},"end":{"line":18,"column":18}},"loc":{"start":{"line":18,"column":39},"end":{"line":27,"column":5}}},"3":{"name":"(anonymous_9)","decl":{"start":{"line":23,"column":27},"end":{"line":23,"column":28}},"loc":{"start":{"line":23,"column":75},"end":{"line":25,"column":9}}},"4":{"name":"(anonymous_10)","decl":{"start":{"line":48,"column":4},"end":{"line":48,"column":11}},"loc":{"start":{"line":48,"column":65},"end":{"line":58,"column":5}}}},"branchMap":{"0":{"loc":{"start":{"line":36,"column":8},"end":{"line":36,"column":15}},"type":"binary-expr","locations":[{"start":{"line":36,"column":8},"end":{"line":36,"column":15}},{"start":{"line":36,"column":15},"end":{"line":36,"column":null}}]}},"s":{"0":1,"1":1,"2":1,"3":0,"4":1,"5":1,"6":1,"7":0,"8":1,"9":0,"10":0,"11":0,"12":1,"13":1},"f":{"0":1,"1":0,"2":1,"3":0,"4":0},"b":{"0":[0,0]}}
,"/home/ansh/Documents/GitHub/playground/tsApp/src/routes/route.ts": {"path":"/home/ansh/Documents/GitHub/playground/tsApp/src/routes/route.ts","statementMap":{"0":{"start":{"line":9,"column":0},"end":{"line":9,"column":13}},"1":{"start":{"line":24,"column":8},"end":{"line":24,"column":49}},"2":{"start":{"line":25,"column":8},"end":{"line":25,"column":26}},"3":{"start":{"line":36,"column":11},"end":{"line":39,"column":null}},"4":{"start":{"line":37,"column":8},"end":{"line":37,"column":31}},"5":{"start":{"line":38,"column":8},"end":{"line":38,"column":20}},"6":{"start":{"line":52,"column":11},"end":{"line":64,"column":null}},"7":{"start":{"line":54,"column":8},"end":{"line":54,"column":34}},"8":{"start":{"line":57,"column":8},"end":{"line":57,"column":42}},"9":{"start":{"line":60,"column":8},"end":{"line":60,"column":38}},"10":{"start":{"line":63,"column":8},"end":{"line":63,"column":34}},"11":{"start":{"line":65,"column":0},"end":{"line":65,"column":null}},"12":{"start":{"line":9,"column":13},"end":{"line":9,"column":22}}},"fnMap":{"0":{"name":"(anonymous_0)","decl":{"start":{"line":9,"column":0},"end":{"line":9,"column":13}},"loc":{"start":{"line":9,"column":0},"end":{"line":65,"column":null}}},"1":{"name":"BaseRoute","decl":{"start":{"line":22,"column":4},"end":{"line":22,"column":null}},"loc":{"start":{"line":22,"column":4},"end":{"line":26,"column":5}}},"2":{"name":"(anonymous_2)","decl":{"start":{"line":36,"column":4},"end":{"line":36,"column":11}},"loc":{"start":{"line":36,"column":32},"end":{"line":39,"column":5}}},"3":{"name":"(anonymous_3)","decl":{"start":{"line":52,"column":4},"end":{"line":52,"column":11}},"loc":{"start":{"line":52,"column":77},"end":{"line":64,"column":5}}}},"branchMap":{},"s":{"0":2,"1":0,"2":0,"3":2,"4":0,"5":0,"6":2,"7":0,"8":0,"9":0,"10":0,"11":2,"12":2},"f":{"0":2,"1":0,"2":0,"3":0},"b":{}}
}
