TN:
SF:/home/ansh/Documents/GitHub/tsApp/src/DbClient.ts
FN:6,(anonymous_13)
FN:13,(anonymous_15)
FN:32,(anonymous_18)
FNF:3
FNH:2
FNDA:4,(anonymous_13)
FNDA:17,(anonymous_15)
FNDA:0,(anonymous_18)
DA:5,2
DA:6,2
DA:13,2
DA:15,17
DA:16,17
DA:17,17
DA:18,17
DA:19,17
DA:20,34
DA:21,0
DA:22,0
DA:23,0
DA:25,17
DA:32,2
DA:33,0
DA:35,2
DA:37,2
LF:17
LH:13
BRDA:33,0,0,0
BRF:1
BRH:0
end_of_record
TN:
SF:/home/ansh/Documents/GitHub/tsApp/src/models/campaign.model.ts
FN:12,(anonymous_14)
FN:18,(anonymous_16)
FN:28,(anonymous_19)
FN:51,(anonymous_20)
FN:82,(anonymous_23)
FN:108,(anonymous_26)
FN:143,(anonymous_29)
FNF:7
FNH:6
FNDA:2,(anonymous_14)
FNDA:1,(anonymous_16)
FNDA:0,(anonymous_19)
FNDA:2,(anonymous_20)
FNDA:1,(anonymous_23)
FNDA:2,(anonymous_26)
FNDA:2,(anonymous_29)
DA:5,1
DA:7,1
DA:12,1
DA:18,1
DA:19,1
DA:20,1
DA:21,1
DA:24,1
DA:27,0
DA:28,0
DA:29,0
DA:36,0
DA:39,0
DA:41,1
DA:42,1
DA:51,1
DA:52,2
DA:53,2
DA:54,2
DA:57,2
DA:60,0
DA:61,0
DA:70,2
DA:72,2
DA:82,1
DA:83,1
DA:84,1
DA:85,1
DA:87,1
DA:93,0
DA:94,0
DA:96,1
DA:97,1
DA:98,1
DA:100,1
DA:108,1
DA:109,2
DA:110,2
DA:111,2
DA:113,2
DA:123,0
DA:124,0
DA:125,0
DA:127,0
DA:128,0
DA:131,2
DA:132,2
DA:133,2
DA:135,2
DA:143,1
DA:144,2
DA:145,2
DA:146,2
DA:148,2
DA:149,0
DA:150,0
DA:151,0
DA:153,0
DA:154,0
DA:155,0
DA:158,2
DA:159,2
DA:160,2
DA:162,2
DA:164,1
DA:166,1
LF:66
LH:46
BRDA:39,0,0,0
BRDA:27,1,0,0
BRDA:27,1,1,0
BRDA:72,2,0,2
BRDA:60,3,0,0
BRDA:60,3,1,0
BRDA:100,4,0,1
BRDA:135,5,0,2
BRDA:123,6,0,0
BRDA:123,6,1,0
BRDA:123,7,0,0
BRDA:123,7,1,0
BRDA:162,8,0,2
BRDA:149,9,0,0
BRDA:149,9,1,0
BRDA:149,10,0,0
BRDA:149,10,1,0
BRF:17
BRH:4
end_of_record
TN:
SF:/home/ansh/Documents/GitHub/tsApp/src/models/user.model.ts
FN:11,(anonymous_14)
FN:17,(anonymous_16)
FN:28,(anonymous_19)
FN:62,(anonymous_22)
FN:93,(anonymous_25)
FN:119,(anonymous_28)
FNF:6
FNH:6
FNDA:2,(anonymous_14)
FNDA:1,(anonymous_16)
FNDA:2,(anonymous_19)
FNDA:2,(anonymous_22)
FNDA:2,(anonymous_25)
FNDA:2,(anonymous_28)
DA:4,1
DA:6,1
DA:11,1
DA:17,1
DA:18,1
DA:19,1
DA:28,1
DA:29,2
DA:31,2
DA:33,2
DA:37,0
DA:38,0
DA:46,2
DA:47,2
DA:50,0
DA:51,0
DA:53,0
DA:62,1
DA:63,2
DA:64,2
DA:65,2
DA:68,0
DA:69,0
DA:70,0
DA:73,0
DA:77,0
DA:78,0
DA:80,0
DA:81,0
DA:82,0
DA:85,0
DA:93,1
DA:94,2
DA:95,2
DA:96,2
DA:98,2
DA:99,0
DA:100,0
DA:101,0
DA:103,0
DA:104,0
DA:107,2
DA:108,2
DA:109,2
DA:111,2
DA:119,1
DA:120,2
DA:121,2
DA:122,2
DA:124,2
DA:134,0
DA:135,0
DA:136,0
DA:137,0
DA:138,0
DA:139,0
DA:140,0
DA:142,0
DA:143,0
DA:146,2
DA:147,2
DA:148,2
DA:150,2
DA:152,1
DA:154,1
LF:65
LH:36
BRDA:18,0,0,1
BRDA:18,0,1,0
BRDA:53,1,0,0
BRDA:37,2,0,0
BRDA:37,2,1,0
BRDA:85,3,0,0
BRDA:68,4,0,0
BRDA:68,4,1,0
BRDA:111,5,0,2
BRDA:99,6,0,0
BRDA:99,6,1,0
BRDA:99,7,0,0
BRDA:99,7,1,0
BRDA:150,8,0,2
BRDA:134,9,0,0
BRDA:134,9,1,0
BRDA:134,10,0,0
BRDA:134,10,1,0
BRDA:137,11,0,0
BRDA:137,11,1,0
BRF:20
BRH:3
end_of_record
TN:
SF:/home/ansh/Documents/GitHub/tsApp/test/mockCollections.ts
FNF:0
FNH:0
DA:5,2
DA:7,2
DA:31,2
DA:61,2
LF:4
LH:4
BRF:0
BRH:0
end_of_record
