TN:
SF:/home/ansh/Documents/GitHub/tsApp/src/DbClient.ts
FN:6,(anonymous_13)
FN:13,(anonymous_15)
FN:36,(anonymous_18)
FNF:3
FNH:3
FNDA:4,(anonymous_13)
FNDA:22,(anonymous_15)
FNDA:2,(anonymous_18)
DA:6,2
DA:13,2
DA:15,24
DA:16,20
DA:18,2
DA:19,2
DA:20,2
DA:21,2
DA:22,2
DA:23,4
DA:24,2
DA:25,2
DA:26,2
DA:29,0
DA:36,2
DA:37,4
DA:39,2
DA:41,2
LF:18
LH:17
BRDA:15,0,0,2
BRDA:15,0,1,20
BRDA:15,1,0,22
BRDA:15,1,1,20
BRDA:37,2,0,2
BRF:5
BRH:5
end_of_record
TN:
SF:/home/ansh/Documents/GitHub/tsApp/src/models/campaign.model.ts
FN:12,(anonymous_14)
FN:18,(anonymous_16)
FN:28,(anonymous_19)
FN:51,(anonymous_20)
FN:82,(anonymous_23)
FN:108,(anonymous_26)
FN:143,(anonymous_29)
FNF:7
FNH:7
FNDA:2,(anonymous_14)
FNDA:2,(anonymous_16)
FNDA:3,(anonymous_19)
FNDA:2,(anonymous_20)
FNDA:1,(anonymous_23)
FNDA:2,(anonymous_26)
FNDA:2,(anonymous_29)
DA:5,1
DA:7,1
DA:12,1
DA:18,1
DA:19,2
DA:20,2
DA:21,2
DA:24,2
DA:27,2
DA:28,4
DA:29,3
DA:36,3
DA:39,2
DA:41,0
DA:42,0
DA:51,1
DA:52,2
DA:53,2
DA:54,2
DA:57,2
DA:60,2
DA:61,1
DA:70,0
DA:72,2
DA:82,1
DA:83,1
DA:84,1
DA:85,1
DA:87,2
DA:93,1
DA:94,1
DA:96,0
DA:97,0
DA:98,0
DA:100,1
DA:108,1
DA:109,2
DA:110,2
DA:111,2
DA:113,2
DA:123,2
DA:124,1
DA:125,1
DA:127,1
DA:128,1
DA:131,0
DA:132,0
DA:133,0
DA:135,2
DA:143,1
DA:144,2
DA:145,2
DA:146,2
DA:148,2
DA:149,2
DA:150,1
DA:151,1
DA:153,1
DA:154,1
DA:155,1
DA:158,0
DA:159,0
DA:160,0
DA:162,2
DA:164,1
DA:166,1
LF:66
LH:54
BRDA:39,0,0,2
BRDA:27,1,0,0
BRDA:27,1,1,2
BRDA:72,2,0,2
BRDA:60,3,0,1
BRDA:60,3,1,1
BRDA:100,4,0,1
BRDA:135,5,0,2
BRDA:123,6,0,1
BRDA:123,6,1,1
BRDA:123,7,0,2
BRDA:123,7,1,1
BRDA:162,8,0,2
BRDA:149,9,0,1
BRDA:149,9,1,1
BRDA:149,10,0,2
BRDA:149,10,1,1
BRF:17
BRH:16
end_of_record
TN:
SF:/home/ansh/Documents/GitHub/tsApp/src/models/user.model.ts
FN:11,(anonymous_14)
FN:17,(anonymous_16)
FN:28,(anonymous_19)
FN:62,(anonymous_22)
FN:93,(anonymous_25)
FN:119,(anonymous_28)
FNF:6
FNH:6
FNDA:2,(anonymous_14)
FNDA:3,(anonymous_16)
FNDA:2,(anonymous_19)
FNDA:2,(anonymous_22)
FNDA:2,(anonymous_25)
FNDA:2,(anonymous_28)
DA:4,1
DA:6,1
DA:11,1
DA:17,1
DA:18,3
DA:19,3
DA:28,1
DA:29,2
DA:31,2
DA:33,2
DA:37,2
DA:38,1
DA:46,0
DA:47,0
DA:50,0
DA:51,0
DA:53,2
DA:62,1
DA:63,2
DA:64,2
DA:65,2
DA:68,3
DA:69,1
DA:70,1
DA:73,2
DA:77,1
DA:78,1
DA:80,0
DA:81,0
DA:82,0
DA:85,2
DA:93,1
DA:94,2
DA:95,2
DA:96,2
DA:98,2
DA:99,2
DA:100,1
DA:101,1
DA:103,1
DA:104,1
DA:107,0
DA:108,0
DA:109,0
DA:111,2
DA:119,1
DA:120,2
DA:121,2
DA:122,2
DA:124,2
DA:134,2
DA:135,1
DA:136,1
DA:137,1
DA:138,1
DA:139,1
DA:140,1
DA:142,0
DA:143,0
DA:146,0
DA:147,0
DA:148,0
DA:150,2
DA:152,1
DA:154,1
LF:65
LH:50
BRDA:18,0,0,3
BRDA:18,0,1,3
BRDA:53,1,0,2
BRDA:37,2,0,1
BRDA:37,2,1,1
BRDA:85,3,0,2
BRDA:68,4,0,1
BRDA:68,4,1,1
BRDA:111,5,0,2
BRDA:99,6,0,1
BRDA:99,6,1,1
BRDA:99,7,0,2
BRDA:99,7,1,1
BRDA:150,8,0,2
BRDA:134,9,0,1
BRDA:134,9,1,1
BRDA:134,10,0,2
BRDA:134,10,1,1
BRDA:137,11,0,1
BRDA:137,11,1,0
BRF:20
BRH:19
end_of_record
TN:
SF:/home/ansh/Documents/GitHub/tsApp/test/mockCollections.ts
FNF:0
FNH:0
DA:5,2
DA:8,2
DA:30,2
DA:58,2
LF:4
LH:4
BRF:0
BRH:0
end_of_record
